#
# There is insufficient memory for the Java Runtime Environment to continue.
# Native memory allocation (malloc) failed to allocate 1048576 bytes for AllocateHeap
# Possible reasons:
#   The system is out of physical RAM or swap space
#   In 32 bit mode, the process size limit was hit
# Possible solutions:
#   Reduce memory load on the system
#   Increase physical memory or swap space
#   Check if swap backing store is full
#   Use 64 bit Java on a 64 bit OS
#   Decrease Java heap size (-Xmx/-Xms)
#   Decrease number of Java threads
#   Decrease Java thread stack sizes (-Xss)
#   Set larger code cache with -XX:ReservedCodeCacheSize=
# This output file may be truncated or incomplete.
#
#  Out of Memory Error (memory/allocation.inline.hpp:61), pid=13512, tid=0x0000000000003578
#
# JRE version:  (8.0_181-b13) (build )
# Java VM: Java HotSpot(TM) 64-Bit Server VM (25.181-b13 mixed mode windows-amd64 compressed oops)
# Failed to write core dump. Minidumps are not enabled by default on client versions of Windows
#

---------------  T H R E A D  ---------------

Current thread (0x00000000028b2800):  JavaThread "Unknown thread" [_thread_in_vm, id=13688, stack(0x0000000002700000,0x0000000002800000)]

Stack: [0x0000000002700000,0x0000000002800000]
[error occurred during error reporting (printing stack bounds), id 0xc0000005]

Native frames: (J=compiled Java code, j=interpreted, Vv=VM code, C=native code)


---------------  P R O C E S S  ---------------

Java Threads: ( => current thread )

Other Threads:

=>0x00000000028b2800 (exited) JavaThread "Unknown thread" [_thread_in_vm, id=13688, stack(0x0000000002700000,0x0000000002800000)]

VM state:not at safepoint (normal execution)

VM Mutex/Monitor currently owned by a thread: None

Heap:
 PSYoungGen      total 38400K, used 665K [0x00000000eab00000, 0x00000000ed580000, 0x0000000100000000)
  eden space 33280K, 2% used [0x00000000eab00000,0x00000000eaba6670,0x00000000ecb80000)
  from space 5120K, 0% used [0x00000000ed080000,0x00000000ed080000,0x00000000ed580000)
  to   space 5120K, 0% used [0x00000000ecb80000,0x00000000ecb80000,0x00000000ed080000)
 ParOldGen       total 87552K, used 0K [0x00000000c0000000, 0x00000000c5580000, 0x00000000eab00000)
  object space 87552K, 0% used [0x00000000c0000000,0x00000000c0000000,0x00000000c5580000)
 Metaspace       used 775K, capacity 4480K, committed 4480K, reserved 1056768K
  class space    used 76K, capacity 384K, committed 384K, reserved 1048576K

Card table byte_map: [0x0000000011d70000,0x0000000011f80000] byte_map_base: 0x0000000011770000

Marking Bits: (ParMarkBitMap*) 0x000000006f8a2d00
 Begin Bits: [0x00000000128e0000, 0x00000000138e0000)
 End Bits:   [0x00000000138e0000, 0x00000000148e0000)

Polling page: 0x00000000026b0000

CodeCache: size=245760Kb used=328Kb max_used=328Kb free=245431Kb
 bounds [0x00000000029b0000, 0x0000000002c20000, 0x00000000119b0000]
 total_blobs=58 nmethods=0 adapters=38
 compilation: enabled

Compilation events (0 events):
No events

GC Heap History (0 events):
No events

Deoptimization events (0 events):
No events

Classes redefined (0 events):
No events

Internal exceptions (0 events):
No events

Events (10 events):
Event: 0.029 loading class java/lang/Short
Event: 0.029 loading class java/lang/Short done
Event: 0.029 loading class java/lang/Integer
Event: 0.029 loading class java/lang/Integer done
Event: 0.029 loading class java/lang/Long
Event: 0.030 loading class java/lang/Long done
Event: 0.031 loading class java/lang/NullPointerException
Event: 0.031 loading class java/lang/NullPointerException done
Event: 0.031 loading class java/lang/ArithmeticException
Event: 0.031 loading class java/lang/ArithmeticException done


Dynamic libraries:
0x00007ff656a90000 - 0x00007ff656ac7000 	C:\Program Files\Java\jdk1.8.0_181\bin\java.exe
0x00007ffded6c0000 - 0x00007ffded8a1000 	C:\WINDOWS\SYSTEM32\ntdll.dll
0x00007ffdced90000 - 0x00007ffdcedc4000 	C:\Program Files\AVAST Software\Avast\x64\aswhooka.dll
0x00007ffded5d0000 - 0x00007ffded682000 	C:\WINDOWS\System32\KERNEL32.DLL
0x00007ffdea450000 - 0x00007ffdea6c3000 	C:\WINDOWS\System32\KERNELBASE.dll
0x00007ffdecd30000 - 0x00007ffdecdd1000 	C:\WINDOWS\System32\ADVAPI32.dll
0x00007ffdeadb0000 - 0x00007ffdeae4e000 	C:\WINDOWS\System32\msvcrt.dll
0x00007ffdeace0000 - 0x00007ffdead3b000 	C:\WINDOWS\System32\sechost.dll
0x00007ffdeb7c0000 - 0x00007ffdeb8e4000 	C:\WINDOWS\System32\RPCRT4.dll
0x00007ffdeab50000 - 0x00007ffdeace0000 	C:\WINDOWS\System32\USER32.dll
0x00007ffdea6d0000 - 0x00007ffdea6f0000 	C:\WINDOWS\System32\win32u.dll
0x00007ffdeb1c0000 - 0x00007ffdeb1e8000 	C:\WINDOWS\System32\GDI32.dll
0x00007ffde9a90000 - 0x00007ffde9c22000 	C:\WINDOWS\System32\gdi32full.dll
0x00007ffdeaab0000 - 0x00007ffdeab4f000 	C:\WINDOWS\System32\msvcp_win.dll
0x00007ffdea8e0000 - 0x00007ffdea9da000 	C:\WINDOWS\System32\ucrtbase.dll
0x00007ffdc6bd0000 - 0x00007ffdc6e39000 	C:\WINDOWS\WinSxS\amd64_microsoft.windows.common-controls_6595b64144ccf1df_6.0.17134.1_none_e4da93291059d8fb\COMCTL32.dll
0x00007ffdeb2f0000 - 0x00007ffdeb613000 	C:\WINDOWS\System32\combase.dll
0x00007ffdeaa30000 - 0x00007ffdeaaaa000 	C:\WINDOWS\System32\bcryptPrimitives.dll
0x00007ffdeb2c0000 - 0x00007ffdeb2ed000 	C:\WINDOWS\System32\IMM32.DLL
0x000000006f930000 - 0x000000006fa02000 	C:\Program Files\Java\jdk1.8.0_181\jre\bin\msvcr100.dll
0x000000006f080000 - 0x000000006f922000 	C:\Program Files\Java\jdk1.8.0_181\jre\bin\server\jvm.dll
0x00007ffdeb250000 - 0x00007ffdeb258000 	C:\WINDOWS\System32\PSAPI.DLL
0x00007ffdd7780000 - 0x00007ffdd7789000 	C:\WINDOWS\SYSTEM32\WSOCK32.dll
0x00007ffdead40000 - 0x00007ffdeadac000 	C:\WINDOWS\System32\WS2_32.dll
0x00007ffddbfa0000 - 0x00007ffddbfc3000 	C:\WINDOWS\SYSTEM32\WINMM.dll
0x00007ffde2c10000 - 0x00007ffde2c1a000 	C:\WINDOWS\SYSTEM32\VERSION.dll
0x00007ffddbd40000 - 0x00007ffddbd6a000 	C:\WINDOWS\SYSTEM32\WINMMBASE.dll
0x00007ffdea9e0000 - 0x00007ffdeaa29000 	C:\WINDOWS\System32\cfgmgr32.dll
0x000000006f070000 - 0x000000006f07f000 	C:\Program Files\Java\jdk1.8.0_181\jre\bin\verify.dll
0x000000006f040000 - 0x000000006f069000 	C:\Program Files\Java\jdk1.8.0_181\jre\bin\java.dll
0x000000006f020000 - 0x000000006f036000 	C:\Program Files\Java\jdk1.8.0_181\jre\bin\zip.dll

VM Arguments:
jvm_args: -Djava.awt.headless=true -Xmx1024M -Dfile.encoding=windows-1251 -Duser.country=RU -Duser.language=ru -Duser.variant 
java_command: com.android.dx.command.Main --dex --num-threads=4 --output D:\web\edu\react native\ImagesSearch\RNImagesSearch\android\app\build\intermediates\pre-dexed\debug\com.android.support-support-v4-23.0.1_d77c8cc2a7cee711d57a037eafd75a37c44e56d7.jar D:\web\edu\react native\ImagesSearch\RNImagesSearch\android\app\build\intermediates\exploded-aar\com.android.support\support-v4\23.0.1\jars\classes.jar
java_class_path (initial): C:\Users\Pasha\AppData\Local\Android\Sdk\build-tools\23.0.1\lib\dx.jar
Launcher Type: SUN_STANDARD

Environment Variables:
CLASSPATH=D:\web\edu\react native\ImagesSearch\RNImagesSearch\android\\gradle\wrapper\gradle-wrapper.jar
PATH=C:\Program Files (x86)\Common Files\Oracle\Java\javapath;C:\Windows\system32;C:\Windows;C:\Windows\System32\Wbem;C:\Windows\System32\WindowsPowerShell\v1.0\;C:\Program Files (x86)\NVIDIA Corporation\PhysX\Common;C:\Program Files\Intel\WiFi\bin\;C:\Program Files\Common Files\Intel\WirelessCommon\;C:\Program Files\nodejs\;C:\Program Files\Microsoft VS Code\bin;C:\Program Files\Git\cmd;C:\Program Files (x86)\Yarn\bin\;%SystemRoot%\system32;%SystemRoot%;%SystemRoot%\System32\Wbem;%SYSTEMROOT%\System32\WindowsPowerShell\v1.0\;%SYSTEMROOT%\System32\OpenSSH\;C:\Users\Pasha\AppData\Local\Microsoft\WindowsApps;C:\Program Files\Intel\WiFi\bin\;C:\Program Files\Common Files\Intel\WirelessCommon\;C:\Users\Pasha\AppData\Roaming\npm;C:\Users\Pasha\AppData\Local\Yarn\bin;
USERNAME=Pasha
OS=Windows_NT
PROCESSOR_IDENTIFIER=Intel64 Family 6 Model 142 Stepping 10, GenuineIntel



---------------  S Y S T E M  ---------------

OS: Windows 10.0 , 64 bit Build 17134 (10.0.17134.1)

CPU:total 8 (initial active 8) (4 cores per cpu, 2 threads per core) family 6 model 142 stepping 10, cmov, cx8, fxsr, mmx, sse, sse2, sse3, ssse3, sse4.1, sse4.2, popcnt, avx, avx2, aes, clmul, erms, 3dnowpref, lzcnt, ht, tsc, tscinvbit, bmi1, bmi2, adx

Memory: 4k page, physical 8260324k(2505132k free), swap 8522468k(14308k free)

vm_info: Java HotSpot(TM) 64-Bit Server VM (25.181-b13) for windows-amd64 JRE (1.8.0_181-b13), built on Jul  7 2018 04:01:33 by "java_re" with MS VC++ 10.0 (VS2010)

time: Sat Aug 11 10:06:27 2018
elapsed time: 0 seconds (0d 0h 0m 0s)

