#
# There is insufficient memory for the Java Runtime Environment to continue.
# Native memory allocation (malloc) failed to allocate 131088 bytes for Chunk::new
# Possible reasons:
#   The system is out of physical RAM or swap space
#   In 32 bit mode, the process size limit was hit
# Possible solutions:
#   Reduce memory load on the system
#   Increase physical memory or swap space
#   Check if swap backing store is full
#   Use 64 bit Java on a 64 bit OS
#   Decrease Java heap size (-Xmx/-Xms)
#   Decrease number of Java threads
#   Decrease Java thread stack sizes (-Xss)
#   Set larger code cache with -XX:ReservedCodeCacheSize=
# This output file may be truncated or incomplete.
#
#  Out of Memory Error (allocation.cpp:390), pid=7004, tid=0x0000000000002ddc
#
# JRE version: Java(TM) SE Runtime Environment (8.0_181-b13) (build 1.8.0_181-b13)
# Java VM: Java HotSpot(TM) 64-Bit Server VM (25.181-b13 mixed mode windows-amd64 compressed oops)
# Failed to write core dump. Minidumps are not enabled by default on client versions of Windows
#

---------------  T H R E A D  ---------------

Current thread (0x0000000017878000):  JavaThread "C2 CompilerThread2" daemon [_thread_in_native, id=11740, stack(0x0000000018230000,0x0000000018330000)]

Stack: [0x0000000018230000,0x0000000018330000]
[error occurred during error reporting (printing stack bounds), id 0xc0000005]

Native frames: (J=compiled Java code, j=interpreted, Vv=VM code, C=native code)


Current CompileTask:
C2:   7355 2454       4       com.android.dx.dex.file.CodeItem::addContents (174 bytes)


---------------  P R O C E S S  ---------------

Java Threads: ( => current thread )
  0x00000000178f0000 JavaThread "Service Thread" daemon [_thread_blocked, id=2488, stack(0x0000000018430000,0x0000000018530000)]
  0x000000001787f800 JavaThread "C1 CompilerThread3" daemon [_thread_blocked, id=10452, stack(0x0000000018330000,0x0000000018430000)]
=>0x0000000017878000 JavaThread "C2 CompilerThread2" daemon [_thread_in_native, id=11740, stack(0x0000000018230000,0x0000000018330000)]
  0x0000000017875800 JavaThread "C2 CompilerThread1" daemon [_thread_in_native, id=12032, stack(0x0000000018130000,0x0000000018230000)]
  0x0000000017871000 JavaThread "C2 CompilerThread0" daemon [_thread_in_native, id=7016, stack(0x0000000018030000,0x0000000018130000)]
  0x000000001786f000 JavaThread "Attach Listener" daemon [_thread_blocked, id=11780, stack(0x0000000017f30000,0x0000000018030000)]
  0x000000001786e000 JavaThread "Signal Dispatcher" daemon [_thread_blocked, id=11036, stack(0x0000000017e30000,0x0000000017f30000)]
  0x0000000017860800 JavaThread "Finalizer" daemon [_thread_blocked, id=9024, stack(0x0000000017c40000,0x0000000017d40000)]
  0x0000000002db7000 JavaThread "Reference Handler" daemon [_thread_blocked, id=8904, stack(0x0000000017740000,0x0000000017840000)]
  0x0000000002e2e000 JavaThread "main" [_thread_in_native, id=6724, stack(0x0000000002b90000,0x0000000002c90000)]

Other Threads:
  0x000000001594a000 VMThread [stack: 0x0000000017640000,0x0000000017740000] [id=3116]
  0x0000000017911800 WatcherThread [stack: 0x0000000018530000,0x0000000018630000] [id=8808]

VM state:not at safepoint (normal execution)

VM Mutex/Monitor currently owned by a thread: None

Heap:
 PSYoungGen      total 288768K, used 54369K [0x00000000eab00000, 0x00000000feb00000, 0x0000000100000000)
  eden space 262144K, 11% used [0x00000000eab00000,0x00000000ec79efb8,0x00000000fab00000)
  from space 26624K, 94% used [0x00000000fc900000,0x00000000fe1795a8,0x00000000fe300000)
  to   space 30720K, 0% used [0x00000000fab00000,0x00000000fab00000,0x00000000fc900000)
 ParOldGen       total 87552K, used 46270K [0x00000000c0000000, 0x00000000c5580000, 0x00000000eab00000)
  object space 87552K, 52% used [0x00000000c0000000,0x00000000c2d2faf8,0x00000000c5580000)
 Metaspace       used 7422K, capacity 7768K, committed 7936K, reserved 1056768K
  class space    used 691K, capacity 720K, committed 768K, reserved 1048576K

Card table byte_map: [0x00000000121f0000,0x0000000012400000] byte_map_base: 0x0000000011bf0000

Marking Bits: (ParMarkBitMap*) 0x000000005b4c2d00
 Begin Bits: [0x0000000012d60000, 0x0000000013d60000)
 End Bits:   [0x0000000013d60000, 0x0000000014d60000)

Polling page: 0x0000000002ca0000

CodeCache: size=245760Kb used=11923Kb max_used=11923Kb free=233836Kb
 bounds [0x0000000002e30000, 0x00000000039e0000, 0x0000000011e30000]
 total_blobs=3092 nmethods=2814 adapters=190
 compilation: enabled

Compilation events (10 events):
Event: 7.274 Thread 0x000000001787f800 3028 %     3       sun.security.provider.SHA::implCompress @ 203 (491 bytes)
Event: 7.275 Thread 0x000000001787f800 nmethod 3028% 0x00000000039d9690 code [0x00000000039d98a0, 0x00000000039da288]
Event: 7.275 Thread 0x000000001787f800 3029       3       sun.security.provider.SHA::implCompress (491 bytes)
Event: 7.276 Thread 0x000000001787f800 nmethod 3029 0x00000000039dad10 code [0x00000000039daf00, 0x00000000039db7e8]
Event: 7.304 Thread 0x000000001787f800 3031       2       java.io.FileOutputStream::write (10 bytes)
Event: 7.304 Thread 0x000000001787f800 nmethod 3031 0x00000000039dc5d0 code [0x00000000039dc740, 0x00000000039dc8a8]
Event: 7.311 Thread 0x000000001787f800 3033       2       java.util.zip.ZipOutputStream::writeInt (69 bytes)
Event: 7.312 Thread 0x000000001787f800 nmethod 3033 0x00000000039dc950 code [0x00000000039dcae0, 0x00000000039dcd58]
Event: 7.339 Thread 0x000000001787f800 3034       2       java.util.zip.Deflater::ensureOpen (47 bytes)
Event: 7.339 Thread 0x000000001787f800 nmethod 3034 0x00000000039dce50 code [0x00000000039dcfc0, 0x00000000039dd1e8]

GC Heap History (10 events):
Event: 1.885 GC heap before
{Heap before GC invocations=2 (full 0):
 PSYoungGen      total 38400K, used 38392K [0x00000000eab00000, 0x00000000ef600000, 0x0000000100000000)
  eden space 33280K, 100% used [0x00000000eab00000,0x00000000ecb80000,0x00000000ecb80000)
  from space 5120K, 99% used [0x00000000ecb80000,0x00000000ed07e330,0x00000000ed080000)
  to   space 5120K, 0% used [0x00000000ef100000,0x00000000ef100000,0x00000000ef600000)
 ParOldGen       total 87552K, used 2036K [0x00000000c0000000, 0x00000000c5580000, 0x00000000eab00000)
  object space 87552K, 2% used [0x00000000c0000000,0x00000000c01fd390,0x00000000c5580000)
 Metaspace       used 6365K, capacity 7128K, committed 7424K, reserved 1056768K
  class space    used 635K, capacity 656K, committed 768K, reserved 1048576K
Event: 2.000 GC heap after
Heap after GC invocations=2 (full 0):
 PSYoungGen      total 71680K, used 5094K [0x00000000eab00000, 0x00000000ef600000, 0x0000000100000000)
  eden space 66560K, 0% used [0x00000000eab00000,0x00000000eab00000,0x00000000eec00000)
  from space 5120K, 99% used [0x00000000ef100000,0x00000000ef5f9820,0x00000000ef600000)
  to   space 5120K, 0% used [0x00000000eec00000,0x00000000eec00000,0x00000000ef100000)
 ParOldGen       total 87552K, used 6356K [0x00000000c0000000, 0x00000000c5580000, 0x00000000eab00000)
  object space 87552K, 7% used [0x00000000c0000000,0x00000000c0635240,0x00000000c5580000)
 Metaspace       used 6365K, capacity 7128K, committed 7424K, reserved 1056768K
  class space    used 635K, capacity 656K, committed 768K, reserved 1048576K
}
Event: 2.474 GC heap before
{Heap before GC invocations=3 (full 0):
 PSYoungGen      total 71680K, used 71654K [0x00000000eab00000, 0x00000000ef600000, 0x0000000100000000)
  eden space 66560K, 100% used [0x00000000eab00000,0x00000000eec00000,0x00000000eec00000)
  from space 5120K, 99% used [0x00000000ef100000,0x00000000ef5f9820,0x00000000ef600000)
  to   space 5120K, 0% used [0x00000000eec00000,0x00000000eec00000,0x00000000ef100000)
 ParOldGen       total 87552K, used 6356K [0x00000000c0000000, 0x00000000c5580000, 0x00000000eab00000)
  object space 87552K, 7% used [0x00000000c0000000,0x00000000c0635240,0x00000000c5580000)
 Metaspace       used 6477K, capacity 7192K, committed 7424K, reserved 1056768K
  class space    used 636K, capacity 656K, committed 768K, reserved 1048576K
Event: 2.551 GC heap after
Heap after GC invocations=3 (full 0):
 PSYoungGen      total 71680K, used 5088K [0x00000000eab00000, 0x00000000f3700000, 0x0000000100000000)
  eden space 66560K, 0% used [0x00000000eab00000,0x00000000eab00000,0x00000000eec00000)
  from space 5120K, 99% used [0x00000000eec00000,0x00000000ef0f80b8,0x00000000ef100000)
  to   space 5120K, 0% used [0x00000000f3200000,0x00000000f3200000,0x00000000f3700000)
 ParOldGen       total 87552K, used 15708K [0x00000000c0000000, 0x00000000c5580000, 0x00000000eab00000)
  object space 87552K, 17% used [0x00000000c0000000,0x00000000c0f570f0,0x00000000c5580000)
 Metaspace       used 6477K, capacity 7192K, committed 7424K, reserved 1056768K
  class space    used 636K, capacity 656K, committed 768K, reserved 1048576K
}
Event: 3.879 GC heap before
{Heap before GC invocations=4 (full 0):
 PSYoungGen      total 71680K, used 71648K [0x00000000eab00000, 0x00000000f3700000, 0x0000000100000000)
  eden space 66560K, 100% used [0x00000000eab00000,0x00000000eec00000,0x00000000eec00000)
  from space 5120K, 99% used [0x00000000eec00000,0x00000000ef0f80b8,0x00000000ef100000)
  to   space 5120K, 0% used [0x00000000f3200000,0x00000000f3200000,0x00000000f3700000)
 ParOldGen       total 87552K, used 15708K [0x00000000c0000000, 0x00000000c5580000, 0x00000000eab00000)
  object space 87552K, 17% used [0x00000000c0000000,0x00000000c0f570f0,0x00000000c5580000)
 Metaspace       used 6513K, capacity 7192K, committed 7424K, reserved 1056768K
  class space    used 636K, capacity 656K, committed 768K, reserved 1048576K
Event: 3.995 GC heap after
Heap after GC invocations=4 (full 0):
 PSYoungGen      total 138240K, used 5110K [0x00000000eab00000, 0x00000000f3700000, 0x0000000100000000)
  eden space 133120K, 0% used [0x00000000eab00000,0x00000000eab00000,0x00000000f2d00000)
  from space 5120K, 99% used [0x00000000f3200000,0x00000000f36fd8f8,0x00000000f3700000)
  to   space 5120K, 0% used [0x00000000f2d00000,0x00000000f2d00000,0x00000000f3200000)
 ParOldGen       total 87552K, used 25431K [0x00000000c0000000, 0x00000000c5580000, 0x00000000eab00000)
  object space 87552K, 29% used [0x00000000c0000000,0x00000000c18d5c68,0x00000000c5580000)
 Metaspace       used 6513K, capacity 7192K, committed 7424K, reserved 1056768K
  class space    used 636K, capacity 656K, committed 768K, reserved 1048576K
}
Event: 4.703 GC heap before
{Heap before GC invocations=5 (full 0):
 PSYoungGen      total 138240K, used 138230K [0x00000000eab00000, 0x00000000f3700000, 0x0000000100000000)
  eden space 133120K, 100% used [0x00000000eab00000,0x00000000f2d00000,0x00000000f2d00000)
  from space 5120K, 99% used [0x00000000f3200000,0x00000000f36fd8f8,0x00000000f3700000)
  to   space 5120K, 0% used [0x00000000f2d00000,0x00000000f2d00000,0x00000000f3200000)
 ParOldGen       total 87552K, used 25431K [0x00000000c0000000, 0x00000000c5580000, 0x00000000eab00000)
  object space 87552K, 29% used [0x00000000c0000000,0x00000000c18d5c68,0x00000000c5580000)
 Metaspace       used 6606K, capacity 7256K, committed 7424K, reserved 1056768K
  class space    used 636K, capacity 656K, committed 768K, reserved 1048576K
Event: 4.794 GC heap after
Heap after GC invocations=5 (full 0):
 PSYoungGen      total 138240K, used 5115K [0x00000000eab00000, 0x00000000fe300000, 0x0000000100000000)
  eden space 133120K, 0% used [0x00000000eab00000,0x00000000eab00000,0x00000000f2d00000)
  from space 5120K, 99% used [0x00000000f2d00000,0x00000000f31fef48,0x00000000f3200000)
  to   space 26624K, 0% used [0x00000000fc900000,0x00000000fc900000,0x00000000fe300000)
 ParOldGen       total 87552K, used 46262K [0x00000000c0000000, 0x00000000c5580000, 0x00000000eab00000)
  object space 87552K, 52% used [0x00000000c0000000,0x00000000c2d2daf8,0x00000000c5580000)
 Metaspace       used 6606K, capacity 7256K, committed 7424K, reserved 1056768K
  class space    used 636K, capacity 656K, committed 768K, reserved 1048576K
}
Event: 6.260 GC heap before
{Heap before GC invocations=6 (full 0):
 PSYoungGen      total 138240K, used 138235K [0x00000000eab00000, 0x00000000fe300000, 0x0000000100000000)
  eden space 133120K, 100% used [0x00000000eab00000,0x00000000f2d00000,0x00000000f2d00000)
  from space 5120K, 99% used [0x00000000f2d00000,0x00000000f31fef48,0x00000000f3200000)
  to   space 26624K, 0% used [0x00000000fc900000,0x00000000fc900000,0x00000000fe300000)
 ParOldGen       total 87552K, used 46262K [0x00000000c0000000, 0x00000000c5580000, 0x00000000eab00000)
  object space 87552K, 52% used [0x00000000c0000000,0x00000000c2d2daf8,0x00000000c5580000)
 Metaspace       used 6739K, capacity 7320K, committed 7680K, reserved 1056768K
  class space    used 643K, capacity 656K, committed 768K, reserved 1048576K
Event: 6.355 GC heap after
Heap after GC invocations=6 (full 0):
 PSYoungGen      total 288768K, used 25061K [0x00000000eab00000, 0x00000000feb00000, 0x0000000100000000)
  eden space 262144K, 0% used [0x00000000eab00000,0x00000000eab00000,0x00000000fab00000)
  from space 26624K, 94% used [0x00000000fc900000,0x00000000fe1795a8,0x00000000fe300000)
  to   space 30720K, 0% used [0x00000000fab00000,0x00000000fab00000,0x00000000fc900000)
 ParOldGen       total 87552K, used 46270K [0x00000000c0000000, 0x00000000c5580000, 0x00000000eab00000)
  object space 87552K, 52% used [0x00000000c0000000,0x00000000c2d2faf8,0x00000000c5580000)
 Metaspace       used 6739K, capacity 7320K, committed 7680K, reserved 1056768K
  class space    used 643K, capacity 656K, committed 768K, reserved 1048576K
}

Deoptimization events (10 events):
Event: 7.082 Thread 0x0000000002e2e000 Uncommon trap: reason=unstable_if action=reinterpret pc=0x00000000034a9a74 method=java.lang.Long.numberOfTrailingZeros(J)I @ 3
Event: 7.259 Thread 0x0000000002e2e000 Uncommon trap: reason=unstable_if action=reinterpret pc=0x0000000003104d80 method=java.util.Arrays.copyOf([Ljava/lang/Object;ILjava/lang/Class;)[Ljava/lang/Object; @ 3
Event: 7.261 Thread 0x0000000002e2e000 Uncommon trap: reason=speculate_class_check action=maybe_recompile pc=0x00000000032ff6c4 method=java.util.HashMap.putVal(ILjava/lang/Object;Ljava/lang/Object;ZZ)Ljava/lang/Object; @ 56
Event: 7.261 Thread 0x0000000002e2e000 Uncommon trap: reason=speculate_class_check action=maybe_recompile pc=0x00000000032ff730 method=java.util.HashMap.putVal(ILjava/lang/Object;Ljava/lang/Object;ZZ)Ljava/lang/Object; @ 152
Event: 7.261 Thread 0x0000000002e2e000 Uncommon trap: reason=speculate_class_check action=maybe_recompile pc=0x00000000032ff6c4 method=java.util.HashMap.putVal(ILjava/lang/Object;Ljava/lang/Object;ZZ)Ljava/lang/Object; @ 56
Event: 7.261 Thread 0x0000000002e2e000 Uncommon trap: reason=speculate_class_check action=maybe_recompile pc=0x00000000032ff6c4 method=java.util.HashMap.putVal(ILjava/lang/Object;Ljava/lang/Object;ZZ)Ljava/lang/Object; @ 56
Event: 7.261 Thread 0x0000000002e2e000 Uncommon trap: reason=class_check action=maybe_recompile pc=0x00000000037e50ec method=java.util.HashMap.putVal(ILjava/lang/Object;Ljava/lang/Object;ZZ)Ljava/lang/Object; @ 56
Event: 7.261 Thread 0x0000000002e2e000 Uncommon trap: reason=class_check action=maybe_recompile pc=0x00000000037e50ec method=java.util.HashMap.putVal(ILjava/lang/Object;Ljava/lang/Object;ZZ)Ljava/lang/Object; @ 56
Event: 7.261 Thread 0x0000000002e2e000 Uncommon trap: reason=class_check action=maybe_recompile pc=0x00000000037e50ec method=java.util.HashMap.putVal(ILjava/lang/Object;Ljava/lang/Object;ZZ)Ljava/lang/Object; @ 56
Event: 7.261 Thread 0x0000000002e2e000 Uncommon trap: reason=class_check action=maybe_recompile pc=0x00000000037e50ec method=java.util.HashMap.putVal(ILjava/lang/Object;Ljava/lang/Object;ZZ)Ljava/lang/Object; @ 56

Classes redefined (0 events):
No events

Internal exceptions (6 events):
Event: 0.127 Thread 0x0000000002e2e000 Exception <a 'java/lang/NoSuchMethodError': Method sun.misc.Unsafe.defineClass(Ljava/lang/String;[BII)Ljava/lang/Class; name or signature does not match> (0x00000000eab07cb0) thrown at [C:\re\workspace\8-2-build-windows-amd64-cygwin\jdk8u181\11358\hotspot
Event: 0.127 Thread 0x0000000002e2e000 Exception <a 'java/lang/NoSuchMethodError': Method sun.misc.Unsafe.prefetchRead(Ljava/lang/Object;J)V name or signature does not match> (0x00000000eab07f98) thrown at [C:\re\workspace\8-2-build-windows-amd64-cygwin\jdk8u181\11358\hotspot\src\share\vm\prim
Event: 1.674 Thread 0x0000000017b5f800 Exception <a 'java/lang/ArrayIndexOutOfBoundsException': 18> (0x00000000eb8436b0) thrown at [C:\re\workspace\8-2-build-windows-amd64-cygwin\jdk8u181\11358\hotspot\src\share\vm\interpreter\interpreterRuntime.cpp, line 366]
Event: 1.674 Thread 0x0000000017b5f800 Exception <a 'java/lang/ArrayIndexOutOfBoundsException': 145> (0x00000000eb845230) thrown at [C:\re\workspace\8-2-build-windows-amd64-cygwin\jdk8u181\11358\hotspot\src\share\vm\interpreter\interpreterRuntime.cpp, line 366]
Event: 1.675 Thread 0x0000000017b5f800 Exception <a 'java/lang/ArrayIndexOutOfBoundsException'> (0x00000000eb846518) thrown at [C:\re\workspace\8-2-build-windows-amd64-cygwin\jdk8u181\11358\hotspot\src\share\vm\runtime\sharedRuntime.cpp, line 605]
Event: 3.019 Thread 0x0000000002e2e000 Implicit null exception at 0x000000000348e2fe to 0x000000000348f9c5

Events (10 events):
Event: 7.298 loading class java/util/zip/ZipOutputStream done
Event: 7.298 loading class java/util/jar/JarOutputStream done
Event: 7.298 loading class java/util/zip/Deflater
Event: 7.298 loading class java/util/zip/Deflater done
Event: 7.298 loading class java/util/zip/ZipOutputStream$XEntry
Event: 7.298 loading class java/util/zip/ZipOutputStream$XEntry done
Event: 7.299 loading class java/io/DataOutputStream
Event: 7.299 loading class java/io/DataOutput
Event: 7.299 loading class java/io/DataOutput done
Event: 7.299 loading class java/io/DataOutputStream done


Dynamic libraries:
0x00007ff6aa810000 - 0x00007ff6aa847000 	C:\Program Files\Java\jdk1.8.0_181\bin\java.exe
0x00007ff89e780000 - 0x00007ff89e952000 	C:\Windows\SYSTEM32\ntdll.dll
0x00007ff89cb90000 - 0x00007ff89cc3c000 	C:\Windows\System32\KERNEL32.DLL
0x00007ff890ab0000 - 0x00007ff890ae4000 	C:\Program Files\AVAST Software\Avast\x64\aswhooka.dll
0x00007ff89ace0000 - 0x00007ff89aefd000 	C:\Windows\System32\KERNELBASE.dll
0x00007ff89ca40000 - 0x00007ff89cae2000 	C:\Windows\System32\ADVAPI32.dll
0x00007ff89c360000 - 0x00007ff89c3fe000 	C:\Windows\System32\msvcrt.dll
0x00007ff89c1b0000 - 0x00007ff89c209000 	C:\Windows\System32\sechost.dll
0x00007ff89d0e0000 - 0x00007ff89d201000 	C:\Windows\System32\RPCRT4.dll
0x00007ff89c400000 - 0x00007ff89c565000 	C:\Windows\System32\USER32.dll
0x00007ff89b320000 - 0x00007ff89b33e000 	C:\Windows\System32\win32u.dll
0x00007ff89cb50000 - 0x00007ff89cb84000 	C:\Windows\System32\GDI32.dll
0x00007ff89b000000 - 0x00007ff89b180000 	C:\Windows\System32\gdi32full.dll
0x00007ff893210000 - 0x00007ff89348a000 	C:\Windows\WinSxS\amd64_microsoft.windows.common-controls_6595b64144ccf1df_6.0.14393.953_none_42151e83c686086b\COMCTL32.dll
0x00007ff89be40000 - 0x00007ff89c108000 	C:\Windows\System32\combase.dll
0x00007ff89af00000 - 0x00007ff89aff5000 	C:\Windows\System32\ucrtbase.dll
0x00007ff89b340000 - 0x00007ff89b3aa000 	C:\Windows\System32\bcryptPrimitives.dll
0x00007ff89ca00000 - 0x00007ff89ca2e000 	C:\Windows\System32\IMM32.DLL
0x000000005b550000 - 0x000000005b622000 	C:\Program Files\Java\jdk1.8.0_181\jre\bin\msvcr100.dll
0x000000005aca0000 - 0x000000005b542000 	C:\Program Files\Java\jdk1.8.0_181\jre\bin\server\jvm.dll
0x00007ff89ca30000 - 0x00007ff89ca38000 	C:\Windows\System32\PSAPI.DLL
0x00007ff887850000 - 0x00007ff887859000 	C:\Windows\SYSTEM32\WSOCK32.dll
0x00007ff89c730000 - 0x00007ff89c79a000 	C:\Windows\System32\WS2_32.dll
0x00007ff898b30000 - 0x00007ff898b53000 	C:\Windows\SYSTEM32\WINMM.dll
0x00007ff896940000 - 0x00007ff89694a000 	C:\Windows\SYSTEM32\VERSION.dll
0x00007ff898ad0000 - 0x00007ff898afb000 	C:\Windows\SYSTEM32\WINMMBASE.dll
0x00007ff89b230000 - 0x00007ff89b272000 	C:\Windows\System32\cfgmgr32.dll
0x000000005ac90000 - 0x000000005ac9f000 	C:\Program Files\Java\jdk1.8.0_181\jre\bin\verify.dll
0x000000005ac60000 - 0x000000005ac89000 	C:\Program Files\Java\jdk1.8.0_181\jre\bin\java.dll
0x000000005ac40000 - 0x000000005ac56000 	C:\Program Files\Java\jdk1.8.0_181\jre\bin\zip.dll
0x00007ff89d270000 - 0x00007ff89e779000 	C:\Windows\System32\SHELL32.dll
0x00007ff89b580000 - 0x00007ff89bc59000 	C:\Windows\System32\windows.storage.dll
0x00007ff89ac10000 - 0x00007ff89ac5c000 	C:\Windows\System32\powrprof.dll
0x00007ff89bde0000 - 0x00007ff89be32000 	C:\Windows\System32\shlwapi.dll
0x00007ff89ac60000 - 0x00007ff89ac6f000 	C:\Windows\System32\kernel.appcore.dll
0x00007ff89b180000 - 0x00007ff89b229000 	C:\Windows\System32\shcore.dll
0x00007ff89abf0000 - 0x00007ff89ac04000 	C:\Windows\System32\profapi.dll

VM Arguments:
jvm_args: -Djava.awt.headless=true -Xmx1024M -Dfile.encoding=windows-1251 -Duser.country=RU -Duser.language=ru -Duser.variant 
java_command: com.android.dx.command.Main --dex --num-threads=4 --output D:\web\edu\react native\ImagesSearch\RNImagesSearch\android\app\build\intermediates\pre-dexed\debug\com.android.support-support-v4-23.0.1_d77c8cc2a7cee711d57a037eafd75a37c44e56d7.jar D:\web\edu\react native\ImagesSearch\RNImagesSearch\android\app\build\intermediates\exploded-aar\com.android.support\support-v4\23.0.1\jars\classes.jar
java_class_path (initial): C:\Users\Pasha\AppData\Local\Android\Sdk\build-tools\23.0.1\lib\dx.jar
Launcher Type: SUN_STANDARD

Environment Variables:
CLASSPATH=D:\web\edu\react native\ImagesSearch\RNImagesSearch\android\\gradle\wrapper\gradle-wrapper.jar
PATH=C:\Program Files (x86)\Common Files\Oracle\Java\javapath;C:\Windows\system32;C:\Windows;C:\Windows\System32\Wbem;C:\Windows\System32\WindowsPowerShell\v1.0\;C:\Program Files (x86)\NVIDIA Corporation\PhysX\Common;C:\Program Files\Intel\WiFi\bin\;C:\Program Files\Common Files\Intel\WirelessCommon\;C:\Program Files\nodejs\;C:\Program Files\Microsoft VS Code\bin;C:\Program Files\Git\cmd;C:\Program Files (x86)\Yarn\bin\;C:\Users\Pasha\AppData\Local\Microsoft\WindowsApps;C:\Program Files\Intel\WiFi\bin\;C:\Program Files\Common Files\Intel\WirelessCommon\;C:\Users\Pasha\AppData\Roaming\npm;C:\Users\Pasha\AppData\Local\Yarn\bin
USERNAME=Pasha
OS=Windows_NT
PROCESSOR_IDENTIFIER=Intel64 Family 6 Model 142 Stepping 10, GenuineIntel



---------------  S Y S T E M  ---------------

OS: Windows 10.0 , 64 bit Build 14393 (10.0.14393.2189)

CPU:total 8 (initial active 8) (4 cores per cpu, 2 threads per core) family 6 model 142 stepping 10, cmov, cx8, fxsr, mmx, sse, sse2, sse3, ssse3, sse4.1, sse4.2, popcnt, avx, avx2, aes, clmul, erms, 3dnowpref, lzcnt, ht, tsc, tscinvbit, bmi1, bmi2, adx

Memory: 4k page, physical 8260324k(1115324k free), swap 8522468k(2120k free)

vm_info: Java HotSpot(TM) 64-Bit Server VM (25.181-b13) for windows-amd64 JRE (1.8.0_181-b13), built on Jul  7 2018 04:01:33 by "java_re" with MS VC++ 10.0 (VS2010)

time: Fri Aug 10 08:29:44 2018
elapsed time: 7 seconds (0d 0h 0m 7s)

