#
# There is insufficient memory for the Java Runtime Environment to continue.
# Native memory allocation (malloc) failed to allocate 32744 bytes for ChunkPool::allocate
# Possible reasons:
#   The system is out of physical RAM or swap space
#   In 32 bit mode, the process size limit was hit
# Possible solutions:
#   Reduce memory load on the system
#   Increase physical memory or swap space
#   Check if swap backing store is full
#   Use 64 bit Java on a 64 bit OS
#   Decrease Java heap size (-Xmx/-Xms)
#   Decrease number of Java threads
#   Decrease Java thread stack sizes (-Xss)
#   Set larger code cache with -XX:ReservedCodeCacheSize=
# This output file may be truncated or incomplete.
#
#  Out of Memory Error (allocation.cpp:273), pid=7928, tid=0x0000000000002c18
#
# JRE version: Java(TM) SE Runtime Environment (8.0_181-b13) (build 1.8.0_181-b13)
# Java VM: Java HotSpot(TM) 64-Bit Server VM (25.181-b13 mixed mode windows-amd64 compressed oops)
# Failed to write core dump. Minidumps are not enabled by default on client versions of Windows
#

---------------  T H R E A D  ---------------

Current thread (0x0000000002d2e000):  JavaThread "main" [_thread_in_vm, id=11288, stack(0x0000000002d30000,0x0000000002e30000)]

Stack: [0x0000000002d30000,0x0000000002e30000]
[error occurred during error reporting (printing stack bounds), id 0xc0000005]

Native frames: (J=compiled Java code, j=interpreted, Vv=VM code, C=native code)

Java frames: (J=compiled Java code, j=interpreted, Vv=VM code)
j  java.lang.ClassLoader.defineClass1(Ljava/lang/String;[BIILjava/security/ProtectionDomain;Ljava/lang/String;)Ljava/lang/Class;+0
j  java.lang.ClassLoader.defineClass(Ljava/lang/String;[BIILjava/security/ProtectionDomain;)Ljava/lang/Class;+27
j  java.security.SecureClassLoader.defineClass(Ljava/lang/String;[BIILjava/security/CodeSource;)Ljava/lang/Class;+12
j  java.net.URLClassLoader.defineClass(Ljava/lang/String;Lsun/misc/Resource;)Ljava/lang/Class;+138
j  java.net.URLClassLoader.access$100(Ljava/net/URLClassLoader;Ljava/lang/String;Lsun/misc/Resource;)Ljava/lang/Class;+3
j  java.net.URLClassLoader$1.run()Ljava/lang/Class;+43
j  java.net.URLClassLoader$1.run()Ljava/lang/Object;+1
v  ~StubRoutines::call_stub
j  java.security.AccessController.doPrivileged(Ljava/security/PrivilegedExceptionAction;Ljava/security/AccessControlContext;)Ljava/lang/Object;+0
j  java.net.URLClassLoader.findClass(Ljava/lang/String;)Ljava/lang/Class;+13
j  java.lang.ClassLoader.loadClass(Ljava/lang/String;Z)Ljava/lang/Class;+70
j  sun.misc.Launcher$AppClassLoader.loadClass(Ljava/lang/String;Z)Ljava/lang/Class;+81
j  java.lang.ClassLoader.loadClass(Ljava/lang/String;)Ljava/lang/Class;+3
v  ~StubRoutines::call_stub
j  com.android.dx.command.dexer.Main.processClass(Ljava/lang/String;[B)Z+24
j  com.android.dx.command.dexer.Main.processFileBytes(Ljava/lang/String;J[B)Z+188
j  com.android.dx.command.dexer.Main.access$1200(Ljava/lang/String;J[B)Z+3
j  com.android.dx.command.dexer.Main$FileBytesConsumer.processFileBytes(Ljava/lang/String;J[B)Z+4
j  com.android.dx.cf.direct.ClassPathOpener.processArchive(Ljava/io/File;)Z+203
j  com.android.dx.cf.direct.ClassPathOpener.processOne(Ljava/io/File;Z)Z+48
j  com.android.dx.cf.direct.ClassPathOpener.process()Z+15
j  com.android.dx.command.dexer.Main.processOne(Ljava/lang/String;Lcom/android/dx/cf/direct/ClassPathOpener$FileNameFilter;)V+20
j  com.android.dx.command.dexer.Main.processAllFiles()Z+268
j  com.android.dx.command.dexer.Main.runMonoDex()I+58
j  com.android.dx.command.dexer.Main.run(Lcom/android/dx/command/dexer/Main$Arguments;)I+76
j  com.android.dx.command.dexer.Main.main([Ljava/lang/String;)V+14
j  com.android.dx.command.Main.main([Ljava/lang/String;)V+61
v  ~StubRoutines::call_stub

---------------  P R O C E S S  ---------------

Java Threads: ( => current thread )
  0x0000000017a00800 JavaThread "Service Thread" daemon [_thread_blocked, id=8656, stack(0x0000000018560000,0x0000000018660000)]
  0x00000000179fc000 JavaThread "C1 CompilerThread3" daemon [_thread_in_native, id=9432, stack(0x0000000018460000,0x0000000018560000)]
  0x00000000179f8000 JavaThread "C2 CompilerThread2" daemon [_thread_blocked, id=7376, stack(0x0000000018360000,0x0000000018460000)]
  0x00000000179a5000 JavaThread "C2 CompilerThread1" daemon [_thread_blocked, id=11504, stack(0x0000000018260000,0x0000000018360000)]
  0x00000000179a1000 JavaThread "C2 CompilerThread0" daemon [_thread_blocked, id=11744, stack(0x0000000018160000,0x0000000018260000)]
  0x000000001799f000 JavaThread "Attach Listener" daemon [_thread_blocked, id=10524, stack(0x0000000018060000,0x0000000018160000)]
  0x000000001799e000 JavaThread "Signal Dispatcher" daemon [_thread_blocked, id=7596, stack(0x0000000017f60000,0x0000000018060000)]
  0x0000000017990800 JavaThread "Finalizer" daemon [_thread_blocked, id=10560, stack(0x0000000017d70000,0x0000000017e70000)]
  0x0000000002f47000 JavaThread "Reference Handler" daemon [_thread_blocked, id=8248, stack(0x0000000017870000,0x0000000017970000)]
=>0x0000000002d2e000 JavaThread "main" [_thread_in_vm, id=11288, stack(0x0000000002d30000,0x0000000002e30000)]

Other Threads:
  0x0000000015a6a000 VMThread [stack: 0x0000000017770000,0x0000000017870000] [id=4604]
  0x0000000017a06800 WatcherThread [stack: 0x0000000018660000,0x0000000018760000] [id=10880]

VM state:not at safepoint (normal execution)

VM Mutex/Monitor currently owned by a thread: None

Heap:
 PSYoungGen      total 38400K, used 2669K [0x00000000eab00000, 0x00000000ed580000, 0x0000000100000000)
  eden space 33280K, 8% used [0x00000000eab00000,0x00000000ead9b668,0x00000000ecb80000)
  from space 5120K, 0% used [0x00000000ed080000,0x00000000ed080000,0x00000000ed580000)
  to   space 5120K, 0% used [0x00000000ecb80000,0x00000000ecb80000,0x00000000ed080000)
 ParOldGen       total 87552K, used 0K [0x00000000c0000000, 0x00000000c5580000, 0x00000000eab00000)
  object space 87552K, 0% used [0x00000000c0000000,0x00000000c0000000,0x00000000c5580000)
 Metaspace       used 3455K, capacity 4784K, committed 5120K, reserved 1056768K
  class space    used 381K, capacity 424K, committed 512K, reserved 1048576K

Card table byte_map: [0x0000000012310000,0x0000000012520000] byte_map_base: 0x0000000011d10000

Marking Bits: (ParMarkBitMap*) 0x000000005b4c2d00
 Begin Bits: [0x0000000012e80000, 0x0000000013e80000)
 End Bits:   [0x0000000013e80000, 0x0000000014e80000)

Polling page: 0x0000000001420000

CodeCache: size=245760Kb used=1215Kb max_used=1215Kb free=244544Kb
 bounds [0x0000000002f50000, 0x00000000031c0000, 0x0000000011f50000]
 total_blobs=325 nmethods=83 adapters=155
 compilation: enabled

Compilation events (10 events):
Event: 0.288 Thread 0x00000000179fc000 nmethod 77 0x000000000307df10 code [0x000000000307e080, 0x000000000307e288]
Event: 0.289 Thread 0x00000000179fc000   78       3       java.util.concurrent.ConcurrentHashMap::casTabAt (20 bytes)
Event: 0.289 Thread 0x00000000179fc000 nmethod 78 0x000000000307e310 code [0x000000000307e460, 0x000000000307e5d0]
Event: 0.294 Thread 0x00000000179fc000   80       3       sun.nio.cs.SingleByte$Encoder::encode (32 bytes)
Event: 0.295 Thread 0x00000000179fc000 nmethod 80 0x000000000307ec10 code [0x000000000307ed80, 0x000000000307ef90]
Event: 0.296 Thread 0x00000000179fc000   81       1       java.util.zip.ZipCoder::isUTF8 (5 bytes)
Event: 0.296 Thread 0x00000000179fc000 nmethod 81 0x000000000307f2d0 code [0x000000000307f420, 0x000000000307f530]
Event: 0.296 Thread 0x00000000179fc000   82       3       java.lang.Byte::toUnsignedInt (6 bytes)
Event: 0.296 Thread 0x00000000179fc000 nmethod 82 0x000000000307f590 code [0x000000000307f6e0, 0x000000000307f810]
Event: 0.299 Thread 0x00000000179fc000   84       3       sun.nio.cs.UTF_8$Decoder::decode (779 bytes)

GC Heap History (0 events):
No events

Deoptimization events (0 events):
No events

Classes redefined (0 events):
No events

Internal exceptions (2 events):
Event: 0.077 Thread 0x0000000002d2e000 Exception <a 'java/lang/NoSuchMethodError': Method sun.misc.Unsafe.defineClass(Ljava/lang/String;[BII)Ljava/lang/Class; name or signature does not match> (0x00000000eab07cb0) thrown at [C:\re\workspace\8-2-build-windows-amd64-cygwin\jdk8u181\11358\hotspot
Event: 0.078 Thread 0x0000000002d2e000 Exception <a 'java/lang/NoSuchMethodError': Method sun.misc.Unsafe.prefetchRead(Ljava/lang/Object;J)V name or signature does not match> (0x00000000eab07f98) thrown at [C:\re\workspace\8-2-build-windows-amd64-cygwin\jdk8u181\11358\hotspot\src\share\vm\prim

Events (10 events):
Event: 0.295 loading class java/util/zip/ZipUtils
Event: 0.295 loading class java/util/zip/ZipUtils done
Event: 0.295 loading class java/nio/file/attribute/FileTime
Event: 0.295 loading class java/nio/file/attribute/FileTime done
Event: 0.299 loading class java/util/ArrayList$Itr
Event: 0.299 loading class java/util/ArrayList$Itr done
Event: 0.300 loading class com/android/dx/command/dexer/Main$DirectClassFileConsumer
Event: 0.300 loading class com/android/dx/command/dexer/Main$DirectClassFileConsumer done
Event: 0.301 loading class com/android/dx/command/dexer/Main$ClassParserTask
Event: 0.301 loading class com/android/dx/command/dexer/Main$ClassParserTask done


Dynamic libraries:
0x00007ff6aa810000 - 0x00007ff6aa847000 	C:\Program Files\Java\jdk1.8.0_181\bin\java.exe
0x00007ff89e780000 - 0x00007ff89e952000 	C:\Windows\SYSTEM32\ntdll.dll
0x00007ff89cb90000 - 0x00007ff89cc3c000 	C:\Windows\System32\KERNEL32.DLL
0x00007ff890ab0000 - 0x00007ff890ae4000 	C:\Program Files\AVAST Software\Avast\x64\aswhooka.dll
0x00007ff89ace0000 - 0x00007ff89aefd000 	C:\Windows\System32\KERNELBASE.dll
0x00007ff89ca40000 - 0x00007ff89cae2000 	C:\Windows\System32\ADVAPI32.dll
0x00007ff89c360000 - 0x00007ff89c3fe000 	C:\Windows\System32\msvcrt.dll
0x00007ff89c1b0000 - 0x00007ff89c209000 	C:\Windows\System32\sechost.dll
0x00007ff89d0e0000 - 0x00007ff89d201000 	C:\Windows\System32\RPCRT4.dll
0x00007ff89c400000 - 0x00007ff89c565000 	C:\Windows\System32\USER32.dll
0x00007ff89b320000 - 0x00007ff89b33e000 	C:\Windows\System32\win32u.dll
0x00007ff89cb50000 - 0x00007ff89cb84000 	C:\Windows\System32\GDI32.dll
0x00007ff89b000000 - 0x00007ff89b180000 	C:\Windows\System32\gdi32full.dll
0x00007ff893210000 - 0x00007ff89348a000 	C:\Windows\WinSxS\amd64_microsoft.windows.common-controls_6595b64144ccf1df_6.0.14393.953_none_42151e83c686086b\COMCTL32.dll
0x00007ff89be40000 - 0x00007ff89c108000 	C:\Windows\System32\combase.dll
0x00007ff89af00000 - 0x00007ff89aff5000 	C:\Windows\System32\ucrtbase.dll
0x00007ff89b340000 - 0x00007ff89b3aa000 	C:\Windows\System32\bcryptPrimitives.dll
0x00007ff89ca00000 - 0x00007ff89ca2e000 	C:\Windows\System32\IMM32.DLL
0x000000005b550000 - 0x000000005b622000 	C:\Program Files\Java\jdk1.8.0_181\jre\bin\msvcr100.dll
0x000000005aca0000 - 0x000000005b542000 	C:\Program Files\Java\jdk1.8.0_181\jre\bin\server\jvm.dll
0x00007ff89ca30000 - 0x00007ff89ca38000 	C:\Windows\System32\PSAPI.DLL
0x00007ff887850000 - 0x00007ff887859000 	C:\Windows\SYSTEM32\WSOCK32.dll
0x00007ff89c730000 - 0x00007ff89c79a000 	C:\Windows\System32\WS2_32.dll
0x00007ff898b30000 - 0x00007ff898b53000 	C:\Windows\SYSTEM32\WINMM.dll
0x00007ff896940000 - 0x00007ff89694a000 	C:\Windows\SYSTEM32\VERSION.dll
0x00007ff898ad0000 - 0x00007ff898afb000 	C:\Windows\SYSTEM32\WINMMBASE.dll
0x00007ff89b230000 - 0x00007ff89b272000 	C:\Windows\System32\cfgmgr32.dll
0x000000005ac90000 - 0x000000005ac9f000 	C:\Program Files\Java\jdk1.8.0_181\jre\bin\verify.dll
0x000000005ac60000 - 0x000000005ac89000 	C:\Program Files\Java\jdk1.8.0_181\jre\bin\java.dll
0x000000005ac40000 - 0x000000005ac56000 	C:\Program Files\Java\jdk1.8.0_181\jre\bin\zip.dll
0x00007ff89d270000 - 0x00007ff89e779000 	C:\Windows\System32\SHELL32.dll
0x00007ff89b580000 - 0x00007ff89bc59000 	C:\Windows\System32\windows.storage.dll
0x00007ff89ac10000 - 0x00007ff89ac5c000 	C:\Windows\System32\powrprof.dll
0x00007ff89bde0000 - 0x00007ff89be32000 	C:\Windows\System32\shlwapi.dll
0x00007ff89ac60000 - 0x00007ff89ac6f000 	C:\Windows\System32\kernel.appcore.dll
0x00007ff89b180000 - 0x00007ff89b229000 	C:\Windows\System32\shcore.dll
0x00007ff89abf0000 - 0x00007ff89ac04000 	C:\Windows\System32\profapi.dll

VM Arguments:
jvm_args: -Djava.awt.headless=true -Xmx1024M -Dfile.encoding=windows-1251 -Duser.country=RU -Duser.language=ru -Duser.variant 
java_command: com.android.dx.command.Main --dex --num-threads=4 --output D:\web\edu\react native\ImagesSearch\RNImagesSearch\android\app\build\intermediates\pre-dexed\debug\com.facebook.fresco-drawee-1.3.0_23afc5f35448ae2854b290be90128b486864c06d.jar D:\web\edu\react native\ImagesSearch\RNImagesSearch\android\app\build\intermediates\exploded-aar\com.facebook.fresco\drawee\1.3.0\jars\classes.jar
java_class_path (initial): C:\Users\Pasha\AppData\Local\Android\Sdk\build-tools\23.0.1\lib\dx.jar
Launcher Type: SUN_STANDARD

Environment Variables:
CLASSPATH=D:\web\edu\react native\ImagesSearch\RNImagesSearch\android\\gradle\wrapper\gradle-wrapper.jar
PATH=C:\Program Files (x86)\Common Files\Oracle\Java\javapath;C:\Windows\system32;C:\Windows;C:\Windows\System32\Wbem;C:\Windows\System32\WindowsPowerShell\v1.0\;C:\Program Files (x86)\NVIDIA Corporation\PhysX\Common;C:\Program Files\Intel\WiFi\bin\;C:\Program Files\Common Files\Intel\WirelessCommon\;C:\Program Files\nodejs\;C:\Program Files\Microsoft VS Code\bin;C:\Program Files\Git\cmd;C:\Program Files (x86)\Yarn\bin\;C:\Users\Pasha\AppData\Local\Microsoft\WindowsApps;C:\Program Files\Intel\WiFi\bin\;C:\Program Files\Common Files\Intel\WirelessCommon\;C:\Users\Pasha\AppData\Roaming\npm;C:\Users\Pasha\AppData\Local\Yarn\bin
USERNAME=Pasha
OS=Windows_NT
PROCESSOR_IDENTIFIER=Intel64 Family 6 Model 142 Stepping 10, GenuineIntel



---------------  S Y S T E M  ---------------

OS: Windows 10.0 , 64 bit Build 14393 (10.0.14393.2189)

CPU:total 8 (initial active 8) (4 cores per cpu, 2 threads per core) family 6 model 142 stepping 10, cmov, cx8, fxsr, mmx, sse, sse2, sse3, ssse3, sse4.1, sse4.2, popcnt, avx, avx2, aes, clmul, erms, 3dnowpref, lzcnt, ht, tsc, tscinvbit, bmi1, bmi2, adx

Memory: 4k page, physical 8260324k(1115180k free), swap 8522468k(2184k free)

vm_info: Java HotSpot(TM) 64-Bit Server VM (25.181-b13) for windows-amd64 JRE (1.8.0_181-b13), built on Jul  7 2018 04:01:33 by "java_re" with MS VC++ 10.0 (VS2010)

time: Fri Aug 10 08:29:44 2018
elapsed time: 0 seconds (0d 0h 0m 0s)

